<?xml version="1.0" encoding="UTF-8"?>
<testsuite xmlns:xsi="http://www.w3.org/2001/XMLSchema-instance" xsi:noNamespaceSchemaLocation="https://maven.apache.org/surefire/maven-surefire-plugin/xsd/surefire-test-report-3.0.xsd" version="3.0" name="com.sportdata.ScoreBoardTest" time="0.052" tests="10" errors="0" skipped="0" failures="0">
  <properties>
[...]
</properties>
  <testcase name="testStartGameWithSameTeamName" classname="com.sportdata.ScoreBoardTest" time="0.003"/>
  <testcase name="testStartGameWithEmptyTeamName" classname="com.sportdata.ScoreBoardTest" time="0"/>
  <testcase name="testGetSummary" classname="com.sportdata.ScoreBoardTest" time="0.005"/>
  <testcase name="testUpdateScoreWithNegativeValues" classname="com.sportdata.ScoreBoardTest" time="0"/>
  <testcase name="testStartGame" classname="com.sportdata.ScoreBoardTest" time="0"/>
  <testcase name="testUpdateScore" classname="com.sportdata.ScoreBoardTest" time="0"/>
  <testcase name="testStartSameGameTwice" classname="com.sportdata.ScoreBoardTest" time="0"/>
  <testcase name="testFinishNonExistentGame" classname="com.sportdata.ScoreBoardTest" time="0.001"/>
  <testcase name="testFinishGame" classname="com.sportdata.ScoreBoardTest" time="0"/>
  <testcase name="testUpdateScoreForNonExistentGame" classname="com.sportdata.ScoreBoardTest" time="0"/>
</testsuite>